# JRE version: OpenJDK Runtime Environment (8.0_402-b07) (build 1.8.0_402-b07)
# Java VM: OpenJDK 64-Bit Server VM (25.402-b07 mixed mode bsd-amd64 compressed oops)
Heap:
 PSYoungGen      total 607744K, used 400817K [0x000000076ab00000, 0x000000079c080000, 0x00000007c0000000)
  eden space 582144K, 64% used [0x000000076ab00000,0x000000078196df38,0x000000078e380000)
  from space 25600K, 99% used [0x000000078e380000,0x000000078fc7e790,0x000000078fc80000)
  to   space 30720K, 0% used [0x000000079a280000,0x000000079a280000,0x000000079c080000)
 ParOldGen       total 190464K, used 43468K [0x00000006c0000000, 0x00000006cba00000, 0x000000076ab00000)
  object space 190464K, 22% used [0x00000006c0000000,0x00000006c2a732f8,0x00000006cba00000)
 Metaspace       used 85239K, capacity 88690K, committed 88960K, reserved 1126400K
  class space    used 11759K, capacity 12337K, committed 12416K, reserved 1048576K
GC Heap History (10 events):
Event: 14.965 GC heap before
{Heap before GC invocations=14 (full 2):
 PSYoungGen      total 321024K, used 321007K [0x000000076ab00000, 0x0000000787180000, 0x00000007c0000000)
  eden space 309248K, 100% used [0x000000076ab00000,0x000000077d900000,0x000000077d900000)
  from space 11776K, 99% used [0x000000077d900000,0x000000077e47be10,0x000000077e480000)
  to   space 16384K, 0% used [0x0000000786180000,0x0000000786180000,0x0000000787180000)
 ParOldGen       total 128000K, used 22985K [0x00000006c0000000, 0x00000006c7d00000, 0x000000076ab00000)
  object space 128000K, 17% used [0x00000006c0000000,0x00000006c16724b0,0x00000006c7d00000)
 Metaspace       used 46979K, capacity 48348K, committed 48640K, reserved 1091584K
  class space    used 6567K, capacity 6893K, committed 6912K, reserved 1048576K
Event: 14.986 GC heap after
Heap after GC invocations=14 (full 2):
 PSYoungGen      total 445952K, used 14863K [0x000000076ab00000, 0x0000000787180000, 0x00000007c0000000)
  eden space 429568K, 0% used [0x000000076ab00000,0x000000076ab00000,0x0000000784e80000)
  from space 16384K, 90% used [0x0000000786180000,0x0000000787003e70,0x0000000787180000)
  to   space 17920K, 0% used [0x0000000784e80000,0x0000000784e80000,0x0000000786000000)
 ParOldGen       total 128000K, used 32007K [0x00000006c0000000, 0x00000006c7d00000, 0x000000076ab00000)
  object space 128000K, 25% used [0x00000006c0000000,0x00000006c1f41d70,0x00000006c7d00000)
 Metaspace       used 46979K, capacity 48348K, committed 48640K, reserved 1091584K
  class space    used 6567K, capacity 6893K, committed 6912K, reserved 1048576K
}
Event: 18.203 GC heap before
{Heap before GC invocations=15 (full 2):
 PSYoungGen      total 445952K, used 356802K [0x000000076ab00000, 0x0000000787180000, 0x00000007c0000000)
  eden space 429568K, 79% used [0x000000076ab00000,0x000000077f8ecc30,0x0000000784e80000)
  from space 16384K, 90% used [0x0000000786180000,0x0000000787003e70,0x0000000787180000)
  to   space 17920K, 0% used [0x0000000784e80000,0x0000000784e80000,0x0000000786000000)
 ParOldGen       total 128000K, used 32007K [0x00000006c0000000, 0x00000006c7d00000, 0x000000076ab00000)
  object space 128000K, 25% used [0x00000006c0000000,0x00000006c1f41d70,0x00000006c7d00000)
 Metaspace       used 57050K, capacity 59090K, committed 59136K, reserved 1099776K
  class space    used 7785K, capacity 8172K, committed 8192K, reserved 1048576K
Event: 18.223 GC heap after
Heap after GC invocations=15 (full 2):
 PSYoungGen      total 447488K, used 17890K [0x000000076ab00000, 0x0000000791700000, 0x00000007c0000000)
  eden space 429568K, 0% used [0x000000076ab00000,0x000000076ab00000,0x0000000784e80000)
  from space 17920K, 99% used [0x0000000784e80000,0x0000000785ff8938,0x0000000786000000)
  to   space 23040K, 0% used [0x0000000790080000,0x0000000790080000,0x0000000791700000)
 ParOldGen       total 128000K, used 38872K [0x00000006c0000000, 0x00000006c7d00000, 0x000000076ab00000)
  object space 128000K, 30% used [0x00000006c0000000,0x00000006c25f61b0,0x00000006c7d00000)
 Metaspace       used 57050K, capacity 59090K, committed 59136K, reserved 1099776K
  class space    used 7785K, capacity 8172K, committed 8192K, reserved 1048576K
}
Event: 18.223 GC heap before
{Heap before GC invocations=16 (full 3):
 PSYoungGen      total 447488K, used 17890K [0x000000076ab00000, 0x0000000791700000, 0x00000007c0000000)
  eden space 429568K, 0% used [0x000000076ab00000,0x000000076ab00000,0x0000000784e80000)
  from space 17920K, 99% used [0x0000000784e80000,0x0000000785ff8938,0x0000000786000000)
  to   space 23040K, 0% used [0x0000000790080000,0x0000000790080000,0x0000000791700000)
 ParOldGen       total 128000K, used 38872K [0x00000006c0000000, 0x00000006c7d00000, 0x000000076ab00000)
  object space 128000K, 30% used [0x00000006c0000000,0x00000006c25f61b0,0x00000006c7d00000)
 Metaspace       used 57050K, capacity 59090K, committed 59136K, reserved 1099776K
  class space    used 7785K, capacity 8172K, committed 8192K, reserved 1048576K
Event: 18.331 GC heap after
Heap after GC invocations=16 (full 3):
 PSYoungGen      total 447488K, used 0K [0x000000076ab00000, 0x0000000791700000, 0x00000007c0000000)
  eden space 429568K, 0% used [0x000000076ab00000,0x000000076ab00000,0x0000000784e80000)
  from space 17920K, 0% used [0x0000000784e80000,0x0000000784e80000,0x0000000786000000)
  to   space 23040K, 0% used [0x0000000790080000,0x0000000790080000,0x0000000791700000)
 ParOldGen       total 190464K, used 39909K [0x00000006c0000000, 0x00000006cba00000, 0x000000076ab00000)
  object space 190464K, 20% used [0x00000006c0000000,0x00000006c26f9768,0x00000006cba00000)
 Metaspace       used 57050K, capacity 59090K, committed 59136K, reserved 1099776K
  class space    used 7785K, capacity 8172K, committed 8192K, reserved 1048576K
}
Event: 20.330 GC heap before
{Heap before GC invocations=17 (full 3):
 PSYoungGen      total 447488K, used 429568K [0x000000076ab00000, 0x0000000791700000, 0x00000007c0000000)
  eden space 429568K, 100% used [0x000000076ab00000,0x0000000784e80000,0x0000000784e80000)
  from space 17920K, 0% used [0x0000000784e80000,0x0000000784e80000,0x0000000786000000)
  to   space 23040K, 0% used [0x0000000790080000,0x0000000790080000,0x0000000791700000)
 ParOldGen       total 190464K, used 39909K [0x00000006c0000000, 0x00000006cba00000, 0x000000076ab00000)
  object space 190464K, 20% used [0x00000006c0000000,0x00000006c26f9768,0x00000006cba00000)
 Metaspace       used 66063K, capacity 68244K, committed 68608K, reserved 1107968K
  class space    used 9205K, capacity 9623K, committed 9728K, reserved 1048576K
Event: 20.348 GC heap after
Heap after GC invocations=17 (full 3):
 PSYoungGen      total 590336K, used 21156K [0x000000076ab00000, 0x0000000791580000, 0x00000007c0000000)
  eden space 568832K, 0% used [0x000000076ab00000,0x000000076ab00000,0x000000078d680000)
  from space 21504K, 98% used [0x0000000790080000,0x00000007915293d8,0x0000000791580000)
  to   space 25600K, 0% used [0x000000078e380000,0x000000078e380000,0x000000078fc80000)
 ParOldGen       total 190464K, used 39917K [0x00000006c0000000, 0x00000006cba00000, 0x000000076ab00000)
  object space 190464K, 20% used [0x00000006c0000000,0x00000006c26fb768,0x00000006cba00000)
 Metaspace       used 66063K, capacity 68244K, committed 68608K, reserved 1107968K
  class space    used 9205K, capacity 9623K, committed 9728K, reserved 1048576K
}
Event: 23.525 GC heap before
{Heap before GC invocations=18 (full 3):
 PSYoungGen      total 590336K, used 589988K [0x000000076ab00000, 0x0000000791580000, 0x00000007c0000000)
  eden space 568832K, 100% used [0x000000076ab00000,0x000000078d680000,0x000000078d680000)
  from space 21504K, 98% used [0x0000000790080000,0x00000007915293d8,0x0000000791580000)
  to   space 25600K, 0% used [0x000000078e380000,0x000000078e380000,0x000000078fc80000)
 ParOldGen       total 190464K, used 39917K [0x00000006c0000000, 0x00000006cba00000, 0x000000076ab00000)
  object space 190464K, 20% used [0x00000006c0000000,0x00000006c26fb768,0x00000006cba00000)
 Metaspace       used 77416K, capacity 80534K, committed 80640K, reserved 1118208K
  class space    used 10927K, capacity 11472K, committed 11520K, reserved 1048576K
Event: 23.549 GC heap after
Heap after GC invocations=18 (full 3):
 PSYoungGen      total 607744K, used 25593K [0x000000076ab00000, 0x000000079c080000, 0x00000007c0000000)
  eden space 582144K, 0% used [0x000000076ab00000,0x000000076ab00000,0x000000078e380000)
  from space 25600K, 99% used [0x000000078e380000,0x000000078fc7e790,0x000000078fc80000)
  to   space 30720K, 0% used [0x000000079a280000,0x000000079a280000,0x000000079c080000)
 ParOldGen       total 190464K, used 43468K [0x00000006c0000000, 0x00000006cba00000, 0x000000076ab00000)
  object space 190464K, 22% used [0x00000006c0000000,0x00000006c2a732f8,0x00000006cba00000)
 Metaspace       used 77416K, capacity 80534K, committed 80640K, reserved 1118208K
  class space    used 10927K, capacity 11472K, committed 11520K, reserved 1048576K
}

